<?xml version="1.0" encoding="UTF-8"?>
<testng-results ignored="0" total="1" passed="1" failed="0" skipped="0">
  <reporter-output>
  </reporter-output>
  <suite started-at="2025-08-12T15:35:15 IST" name="Default suite" finished-at="2025-08-12T15:35:29 IST" duration-ms="13702">
    <groups>
    </groups>
    <test started-at="2025-08-12T15:35:15 IST" name="Default test" finished-at="2025-08-12T15:35:29 IST" duration-ms="13702">
      <class name="testdemo.TechademyLogin">
        <test-method is-config="true" signature="browserLaunch()[pri:0, instance:testdemo.TechademyLogin@557caf28]" started-at="2025-08-12T15:35:15 IST" name="browserLaunch" finished-at="2025-08-12T15:35:17 IST" duration-ms="1619" status="PASS">
          <reporter-output>
          </reporter-output>
        </test-method> <!-- browserLaunch -->
        <test-method signature="loginTechademy()[pri:0, instance:testdemo.TechademyLogin@557caf28]" started-at="2025-08-12T15:35:17 IST" name="loginTechademy" finished-at="2025-08-12T15:35:29 IST" duration-ms="11606" status="PASS">
          <reporter-output>
          </reporter-output>
        </test-method> <!-- loginTechademy -->
        <test-method is-config="true" signature="tearDown()[pri:0, instance:testdemo.TechademyLogin@557caf28]" started-at="2025-08-12T15:35:29 IST" name="tearDown" finished-at="2025-08-12T15:35:29 IST" duration-ms="427" status="PASS">
          <reporter-output>
          </reporter-output>
        </test-method> <!-- tearDown -->
      </class> <!-- testdemo.TechademyLogin -->
    </test> <!-- Default test -->
  </suite> <!-- Default suite -->
</testng-results>
